<?xml version="1.0" encoding="UTF-8"?>
<!-- Generated by org.testng.reporters.JUnitXMLReporter -->
<testsuite ignored="7" hostname="DESKTOP-7R46V5R" failures="0" tests="1" name="Default test" time="3.638" errors="0" timestamp="2024-12-16T09:49:23 IST">
  <testcase classname="api.User" name="postUserLogin_UnSuccessful2" time="3.593"/>
  <testcase classname="api.User" name="getAllUserList" time="0.0">
    <ignored/>
  </testcase> <!-- getAllUserList -->
  <testcase classname="api.User" name="postUserLogin_UnSuccessful" time="0.0">
    <ignored/>
  </testcase> <!-- postUserLogin_UnSuccessful -->
  <testcase classname="api.User" name="postUserLogin" time="0.0">
    <ignored/>
  </testcase> <!-- postUserLogin -->
  <testcase classname="api.User" name="updateUser" time="0.0">
    <ignored/>
  </testcase> <!-- updateUser -->
  <testcase classname="api.User" name="postUserCreate2" time="0.0">
    <ignored/>
  </testcase> <!-- postUserCreate2 -->
  <testcase classname="api.User" name="postUserCreate" time="0.0">
    <ignored/>
  </testcase> <!-- postUserCreate -->
  <testcase classname="api.User" name="logoutUser" time="0.0">
    <ignored/>
  </testcase> <!-- logoutUser -->
</testsuite> <!-- Default test -->
