<?xml version="1.0" encoding="UTF-8"?>
<!-- Generated by org.testng.reporters.JUnitXMLReporter -->
<testsuite ignored="0" hostname="DESKTOP-7R46V5R" failures="0" tests="41" name="Test" time="166.473" errors="0" timestamp="2024-12-12T17:49:11 IST">
  <testcase classname="api.CornJob" name="postUserLogin" time="3.72"/>
  <testcase classname="api.CornJob" name="poststore_prices_binance" time="0.74"/>
  <testcase classname="api.CornJob" name="poststore_prices_coinapi" time="3.509"/>
  <testcase classname="api.CornJob" name="poststore_prices_coingecko" time="54.921"/>
  <testcase classname="api.CornJob" name="poststore_prices_coinpaprika" time="2.327"/>
  <testcase classname="api.Editor_Data" name="postUserLogin" time="1.162"/>
  <testcase classname="api.Editor_Data" name="Get_CodeToEditor_asset_performance" time="0.556"/>
  <testcase classname="api.Editor_Data" name="Get_CodeToEditor_portfolio_distribution" time="1.551"/>
  <testcase classname="api.Editor_Data" name="Get_CodeToEditor_portfolio_drawdown" time="0.546"/>
  <testcase classname="api.Editor_Data" name="Get_CodeToEditor_portfolio_growth" time="0.493"/>
  <testcase classname="api.Editor_Data" name="get_code_to_editor_backtest_Allocation_percentage_plot" time="1.763"/>
  <testcase classname="api.Editor_Data" name="get_code_to_editor_backtest_Drawdown_graph" time="1.344"/>
  <testcase classname="api.Editor_Data" name="get_code_to_editor_backtest_Monthly_heatmap" time="1.328"/>
  <testcase classname="api.Editor_Data" name="get_code_to_editor_backtest_Monthly_pnl_heatmap" time="1.334"/>
  <testcase classname="api.Editor_Data" name="get_code_to_editor_backtest_Portfolio_allocation_plot_mtm" time="1.331"/>
  <testcase classname="api.Editor_Data" name="get_code_to_editor_backtest_Portfolio_growth_plot" time="1.351"/>
  <testcase classname="api.Editor_Data" name="get_shareReport" time="1.354"/>
  <testcase classname="api.Editor_Data" name="get_shareReportfile" time="1.256"/>
  <testcase classname="api.Editor_Data" name="put_save_code_db_Allocation_percentage_plot" time="1.329"/>
  <testcase classname="api.Editor_Data" name="put_save_code_db_Drawdown_graph" time="1.756"/>
  <testcase classname="api.Editor_Data" name="put_save_code_db_Monthly_heatmap" time="1.303"/>
  <testcase classname="api.Editor_Data" name="put_save_code_db_Monthly_pnl_heatmap" time="1.337"/>
  <testcase classname="api.Editor_Data" name="put_save_code_db_Portfolio_allocation_plot_mtm" time="1.315"/>
  <testcase classname="api.Editor_Data" name="put_save_code_db_Portfolio_growth_plot" time="1.396"/>
  <testcase classname="api.User" name="postUserCreate" time="1.376"/>
  <testcase classname="api.User" name="postUserLogin" time="1.171"/>
  <testcase classname="api.User" name="getAllUserList" time="1.075"/>
  <testcase classname="api.User" name="logoutUser" time="0.529"/>
  <testcase classname="api.User" name="updateUser" time="1.091"/>
  <testcase classname="api.Portfolio" name="postUserLogin" time="1.545"/>
  <testcase classname="api.Portfolio" name="getAllocation_Percentage_PlotGraph" time="9.869"/>
  <testcase classname="api.Portfolio" name="getAssetPerfomanceGraph" time="2.966"/>
  <testcase classname="api.Portfolio" name="getDrawdown_Graph" time="9.841"/>
  <testcase classname="api.Portfolio" name="getMonthly_HeatmapGraph" time="9.076"/>
  <testcase classname="api.Portfolio" name="getMonthly_Pnl_HeatmapGraph" time="9.505"/>
  <testcase classname="api.Portfolio" name="getPortfolioDrawdownGraph" time="2.901"/>
  <testcase classname="api.Portfolio" name="getPortfolio_Allocation_Plot_mtmGraph" time="9.281"/>
  <testcase classname="api.Portfolio" name="getPortfolio_Growth_PlotGraph" time="9.503"/>
  <testcase classname="api.Portfolio" name="getPortfolioportfolioDistributionGraph" time="2.069"/>
  <testcase classname="api.Portfolio" name="getportfolioGrowthGraph" time="3.267"/>
  <testcase classname="api.Portfolio" name="uploadFile" time="2.137"/>
</testsuite> <!-- Test -->
