<?xml version="1.0" encoding="UTF-8"?>
<testng-results ignored="0" total="1" passed="1" failed="0" skipped="0">
  <reporter-output>
  </reporter-output>
  <suite started-at="2024-12-16T09:49:19 IST" name="Default suite" finished-at="2024-12-16T09:49:23 IST" duration-ms="3638">
    <groups>
    </groups>
    <test started-at="2024-12-16T09:49:19 IST" name="Default test" finished-at="2024-12-16T09:49:23 IST" duration-ms="3638">
      <class name="api.User">
        <test-method is-config="true" signature="setup()[pri:0, instance:api.User@2cd76f31]" started-at="2024-12-16T09:49:19 IST" name="setup" finished-at="2024-12-16T09:49:19 IST" duration-ms="11" status="PASS">
          <reporter-output>
          </reporter-output>
        </test-method> <!-- setup -->
        <test-method signature="postUserLogin_UnSuccessful2()[pri:0, instance:api.User@2cd76f31]" started-at="2024-12-16T09:49:19 IST" name="postUserLogin_UnSuccessful2" finished-at="2024-12-16T09:49:23 IST" duration-ms="3593" status="PASS">
          <reporter-output>
          </reporter-output>
        </test-method> <!-- postUserLogin_UnSuccessful2 -->
      </class> <!-- api.User -->
    </test> <!-- Default test -->
  </suite> <!-- Default suite -->
</testng-results>
